<?xml version="1.0" encoding="UTF-8"?>
<testsuite xmlns:xsi="http://www.w3.org/2001/XMLSchema-instance" xsi:noNamespaceSchemaLocation="https://maven.apache.org/surefire/maven-surefire-plugin/xsd/surefire-test-report-3.0.xsd" version="3.0" name="myname.AppTest" time="0.315" tests="1" errors="0" skipped="0" failures="0">
  <properties>
    <property name="java.specification.version" value="17"/>
    <property name="sun.cpu.isalist" value="amd64"/>
    <property name="sun.jnu.encoding" value="Cp1251"/>
    <property name="java.class.path" value="C:\Users\holge\Desktop\!!!TMP\GoIT\!!!JAVA Dev\MavenProject\target\test-classes;C:\Users\holge\Desktop\!!!TMP\GoIT\!!!JAVA Dev\MavenProject\target\classes;C:\Users\holge\.m2\repository\junit\junit\4.13.2\junit-4.13.2.jar;C:\Users\holge\.m2\repository\org\hamcrest\hamcrest-core\1.3\hamcrest-core-1.3.jar;C:\Users\holge\.m2\repository\com\google\code\gson\gson\2.10.1\gson-2.10.1.jar;C:\Users\holge\.m2\repository\org\projectlombok\lombok\1.18.28\lombok-1.18.28.jar;C:\Users\holge\.m2\repository\org\apache\maven\plugins\maven-assembly-plugin\3.6.0\maven-assembly-plugin-3.6.0.jar;C:\Users\holge\.m2\repository\org\apache\maven\shared\maven-common-artifact-filters\3.3.2\maven-common-artifact-filters-3.3.2.jar;C:\Users\holge\.m2\repository\org\slf4j\slf4j-api\1.7.36\slf4j-api-1.7.36.jar;C:\Users\holge\.m2\repository\org\codehaus\plexus\plexus-interpolation\1.26\plexus-interpolation-1.26.jar;C:\Users\holge\.m2\repository\commons-io\commons-io\2.11.0\commons-io-2.11.0.jar;C:\Users\holge\.m2\repository\org\apache\maven\shared\maven-filtering\3.3.1\maven-filtering-3.3.1.jar;C:\Users\holge\.m2\repository\javax\inject\javax.inject\1\javax.inject-1.jar;C:\Users\holge\.m2\repository\org\sonatype\plexus\plexus-build-api\0.0.7\plexus-build-api-0.0.7.jar;C:\Users\holge\.m2\repository\org\codehaus\plexus\plexus-io\3.4.1\plexus-io-3.4.1.jar;C:\Users\holge\.m2\repository\org\codehaus\plexus\plexus-archiver\4.7.1\plexus-archiver-4.7.1.jar;C:\Users\holge\.m2\repository\org\apache\commons\commons-compress\1.23.0\commons-compress-1.23.0.jar;C:\Users\holge\.m2\repository\org\iq80\snappy\snappy\0.4\snappy-0.4.jar;C:\Users\holge\.m2\repository\org\tukaani\xz\1.9\xz-1.9.jar;C:\Users\holge\.m2\repository\com\github\luben\zstd-jni\1.5.5-2\zstd-jni-1.5.5-2.jar;C:\Users\holge\.m2\repository\org\apache\maven\maven-archiver\3.6.0\maven-archiver-3.6.0.jar;C:\Users\holge\.m2\repository\org\codehaus\plexus\plexus-utils\3.5.1\plexus-utils-3.5.1.jar;"/>
    <property name="java.vm.vendor" value="Oracle Corporation"/>
    <property name="sun.arch.data.model" value="64"/>
    <property name="user.variant" value=""/>
    <property name="java.vendor.url" value="https://java.oracle.com/"/>
    <property name="user.timezone" value="Europe/Tallinn"/>
    <property name="user.country.format" value="150"/>
    <property name="os.name" value="Windows 10"/>
    <property name="java.vm.specification.version" value="17"/>
    <property name="sun.java.launcher" value="SUN_STANDARD"/>
    <property name="user.country" value="GB"/>
    <property name="sun.boot.library.path" value="c:\Program Files\Java\jdk-17\bin"/>
    <property name="sun.java.command" value="C:\Users\holge\AppData\Local\Temp\surefire8852376344744593974\surefirebooter-20230608230105487_3.jar C:\Users\holge\AppData\Local\Temp\surefire8852376344744593974 2023-06-08T23-01-03_771-jvmRun1 surefire-20230608230105487_1tmp surefire_0-20230608230105487_2tmp"/>
    <property name="jdk.debug" value="release"/>
    <property name="surefire.test.class.path" value="C:\Users\holge\Desktop\!!!TMP\GoIT\!!!JAVA Dev\MavenProject\target\test-classes;C:\Users\holge\Desktop\!!!TMP\GoIT\!!!JAVA Dev\MavenProject\target\classes;C:\Users\holge\.m2\repository\junit\junit\4.13.2\junit-4.13.2.jar;C:\Users\holge\.m2\repository\org\hamcrest\hamcrest-core\1.3\hamcrest-core-1.3.jar;C:\Users\holge\.m2\repository\com\google\code\gson\gson\2.10.1\gson-2.10.1.jar;C:\Users\holge\.m2\repository\org\projectlombok\lombok\1.18.28\lombok-1.18.28.jar;C:\Users\holge\.m2\repository\org\apache\maven\plugins\maven-assembly-plugin\3.6.0\maven-assembly-plugin-3.6.0.jar;C:\Users\holge\.m2\repository\org\apache\maven\shared\maven-common-artifact-filters\3.3.2\maven-common-artifact-filters-3.3.2.jar;C:\Users\holge\.m2\repository\org\slf4j\slf4j-api\1.7.36\slf4j-api-1.7.36.jar;C:\Users\holge\.m2\repository\org\codehaus\plexus\plexus-interpolation\1.26\plexus-interpolation-1.26.jar;C:\Users\holge\.m2\repository\commons-io\commons-io\2.11.0\commons-io-2.11.0.jar;C:\Users\holge\.m2\repository\org\apache\maven\shared\maven-filtering\3.3.1\maven-filtering-3.3.1.jar;C:\Users\holge\.m2\repository\javax\inject\javax.inject\1\javax.inject-1.jar;C:\Users\holge\.m2\repository\org\sonatype\plexus\plexus-build-api\0.0.7\plexus-build-api-0.0.7.jar;C:\Users\holge\.m2\repository\org\codehaus\plexus\plexus-io\3.4.1\plexus-io-3.4.1.jar;C:\Users\holge\.m2\repository\org\codehaus\plexus\plexus-archiver\4.7.1\plexus-archiver-4.7.1.jar;C:\Users\holge\.m2\repository\org\apache\commons\commons-compress\1.23.0\commons-compress-1.23.0.jar;C:\Users\holge\.m2\repository\org\iq80\snappy\snappy\0.4\snappy-0.4.jar;C:\Users\holge\.m2\repository\org\tukaani\xz\1.9\xz-1.9.jar;C:\Users\holge\.m2\repository\com\github\luben\zstd-jni\1.5.5-2\zstd-jni-1.5.5-2.jar;C:\Users\holge\.m2\repository\org\apache\maven\maven-archiver\3.6.0\maven-archiver-3.6.0.jar;C:\Users\holge\.m2\repository\org\codehaus\plexus\plexus-utils\3.5.1\plexus-utils-3.5.1.jar;"/>
    <property name="sun.cpu.endian" value="little"/>
    <property name="user.home" value="C:\Users\holge"/>
    <property name="user.language" value="en"/>
    <property name="java.specification.vendor" value="Oracle Corporation"/>
    <property name="java.version.date" value="2023-01-17"/>
    <property name="java.home" value="c:\Program Files\Java\jdk-17"/>
    <property name="file.separator" value="\"/>
    <property name="basedir" value="C:\Users\holge\Desktop\!!!TMP\GoIT\!!!JAVA Dev\MavenProject"/>
    <property name="java.vm.compressedOopsMode" value="Zero based"/>
    <property name="line.separator" value="&#10;"/>
    <property name="java.vm.specification.vendor" value="Oracle Corporation"/>
    <property name="java.specification.name" value="Java Platform API Specification"/>
    <property name="surefire.real.class.path" value="C:\Users\holge\AppData\Local\Temp\surefire8852376344744593974\surefirebooter-20230608230105487_3.jar"/>
    <property name="user.script" value=""/>
    <property name="sun.management.compiler" value="HotSpot 64-Bit Tiered Compilers"/>
    <property name="java.runtime.version" value="17.0.6+9-LTS-190"/>
    <property name="user.name" value="holge"/>
    <property name="path.separator" value=";"/>
    <property name="os.version" value="10.0"/>
    <property name="java.runtime.name" value="Java(TM) SE Runtime Environment"/>
    <property name="file.encoding" value="Cp1251"/>
    <property name="java.vm.name" value="Java HotSpot(TM) 64-Bit Server VM"/>
    <property name="localRepository" value="C:\Users\holge\.m2\repository"/>
    <property name="java.vendor.url.bug" value="https://bugreport.java.com/bugreport/"/>
    <property name="java.io.tmpdir" value="C:\Users\holge\AppData\Local\Temp\"/>
    <property name="java.version" value="17.0.6"/>
    <property name="user.dir" value="C:\Users\holge\Desktop\!!!TMP\GoIT\!!!JAVA Dev\MavenProject"/>
    <property name="os.arch" value="amd64"/>
    <property name="java.vm.specification.name" value="Java Virtual Machine Specification"/>
    <property name="sun.os.patch.level" value=""/>
    <property name="native.encoding" value="Cp1251"/>
    <property name="java.library.path" value="c:\Program Files\Java\jdk-17\bin;C:\Windows\Sun\Java\bin;C:\Windows\system32;C:\Windows;C:\Program Files\Common Files\Oracle\Java\javapath;C:\Program Files (x86)\Common Files\Oracle\Java\javapath;C:\Windows\system32;C:\Windows;C:\Windows\System32\Wbem;C:\Windows\System32\WindowsPowerShell\v1.0\;C:\Program Files (x86)\IDEMIA\AWP\Dlls;C:\Program Files\IDEMIA\AWP\Dlls;C:\Program Files\WireGuard\;C:\Program Files\Docker\Docker\resources\bin;C:\Program Files\Cloudflare\Cloudflare WARP\;C:\Program Files (x86)\Windows Kits\10\Windows Performance Toolkit\;C:\Program Files\Git\cmd;C:\Gradle\gradle-8.1.1\bin;C:\Users\holge\AppData\Local\Programs\Python\Python310\Scripts\;C:\Users\holge\AppData\Local\Programs\Python\Python310\;C:\Users\holge\AppData\Local\Microsoft\WindowsApps;C:\Users\holge\AppData\Local\Programs\Microsoft VS Code\bin;C:\Users\holge\AppData\Local\GitHubDesktop\bin;c:\Program Files\Java\jdk-17\\bin;C:\Gradle\gradle-8.1.1\\bin;c:\Program Files\apache-maven-3.9.2\bin;C:\Program Files\JetBrains\IntelliJ IDEA Community Edition 2022.3.3\bin;;;."/>
    <property name="java.vm.info" value="mixed mode, sharing"/>
    <property name="java.vendor" value="Oracle Corporation"/>
    <property name="java.vm.version" value="17.0.6+9-LTS-190"/>
    <property name="sun.io.unicode.encoding" value="UnicodeLittle"/>
    <property name="java.class.version" value="61.0"/>
  </properties>
  <testcase name="testApp" classname="myname.AppTest" time="0.06"/>
</testsuite>